This is pdfTeX, Version 3.14159265-2.6-1.40.21 (TeX Live 2020) (preloaded format=pdflatex 2020.6.9)  15 JUN 2020 23:49
entering extended mode
 restricted \write18 enabled.
 file:line:error style messages enabled.
 %&-line parsing enabled.
**sample63.tex
(./sample63.tex
LaTeX2e <2020-02-02> patch level 5
L3 programming layer <2020-03-06> (./mnras.cls
Document Class: mnras 2015/05/22\ v3.0\ LaTeX2e MNRAS document class
MNRAS document style v3.0, released 2015/05/22
(/usr/local/texlive/2020/texmf-dist/tex/latex/geometry/geometry.sty
Package: geometry 2020/01/02 v5.9 Page Geometry

(/usr/local/texlive/2020/texmf-dist/tex/latex/graphics/keyval.sty
Package: keyval 2014/10/28 v1.15 key=value parser (DPC)
\KV@toks@=\toks15
)
(/usr/local/texlive/2020/texmf-dist/tex/generic/iftex/ifvtex.sty
Package: ifvtex 2019/10/25 v1.7 ifvtex legacy package. Use iftex instead.

(/usr/local/texlive/2020/texmf-dist/tex/generic/iftex/iftex.sty
Package: iftex 2020/03/06 v1.0d TeX engine tests
))
\Gm@cnth=\count167
\Gm@cntv=\count168
\c@Gm@tempcnt=\count169
\Gm@bindingoffset=\dimen134
\Gm@wd@mp=\dimen135
\Gm@odd@mp=\dimen136
\Gm@even@mp=\dimen137
\Gm@layoutwidth=\dimen138
\Gm@layoutheight=\dimen139
\Gm@layouthoffset=\dimen140
\Gm@layoutvoffset=\dimen141
\Gm@dimlist=\toks16
)
(/usr/local/texlive/2020/texmf-dist/tex/latex/hyperref/hyperref.sty
Package: hyperref 2020/01/14 v7.00d Hypertext links for LaTeX

(/usr/local/texlive/2020/texmf-dist/tex/generic/ltxcmds/ltxcmds.sty
Package: ltxcmds 2019/12/15 v1.24 LaTeX kernel commands for general use (HO)
)
(/usr/local/texlive/2020/texmf-dist/tex/latex/pdftexcmds/pdftexcmds.sty
Package: pdftexcmds 2019/11/24 v0.31 Utility functions of pdfTeX for LuaTeX (HO
)

(/usr/local/texlive/2020/texmf-dist/tex/generic/infwarerr/infwarerr.sty
Package: infwarerr 2019/12/03 v1.5 Providing info/warning/error messages (HO)
)
Package pdftexcmds Info: \pdf@primitive is available.
Package pdftexcmds Info: \pdf@ifprimitive is available.
Package pdftexcmds Info: \pdfdraftmode found.
)
(/usr/local/texlive/2020/texmf-dist/tex/generic/kvsetkeys/kvsetkeys.sty
Package: kvsetkeys 2019/12/15 v1.18 Key value parser (HO)
)
(/usr/local/texlive/2020/texmf-dist/tex/generic/kvdefinekeys/kvdefinekeys.sty
Package: kvdefinekeys 2019-12-19 v1.6 Define keys (HO)
)
(/usr/local/texlive/2020/texmf-dist/tex/generic/pdfescape/pdfescape.sty
Package: pdfescape 2019/12/09 v1.15 Implements pdfTeX's escape features (HO)
)
(/usr/local/texlive/2020/texmf-dist/tex/latex/hycolor/hycolor.sty
Package: hycolor 2020-01-27 v1.10 Color options for hyperref/bookmark (HO)
)
(/usr/local/texlive/2020/texmf-dist/tex/latex/letltxmacro/letltxmacro.sty
Package: letltxmacro 2019/12/03 v1.6 Let assignment for LaTeX macros (HO)
)
(/usr/local/texlive/2020/texmf-dist/tex/latex/auxhook/auxhook.sty
Package: auxhook 2019-12-17 v1.6 Hooks for auxiliary files (HO)
)
(/usr/local/texlive/2020/texmf-dist/tex/latex/kvoptions/kvoptions.sty
Package: kvoptions 2019/11/29 v3.13 Key value format for package options (HO)
)
\@linkdim=\dimen142
\Hy@linkcounter=\count170
\Hy@pagecounter=\count171

(/usr/local/texlive/2020/texmf-dist/tex/latex/hyperref/pd1enc.def
File: pd1enc.def 2020/01/14 v7.00d Hyperref: PDFDocEncoding definition (HO)
Now handling font encoding PD1 ...
... no UTF-8 mapping file for font encoding PD1
)
(/usr/local/texlive/2020/texmf-dist/tex/generic/intcalc/intcalc.sty
Package: intcalc 2019/12/15 v1.3 Expandable calculations with integers (HO)
)
(/usr/local/texlive/2020/texmf-dist/tex/generic/etexcmds/etexcmds.sty
Package: etexcmds 2019/12/15 v1.7 Avoid name clashes with e-TeX commands (HO)
)
\Hy@SavedSpaceFactor=\count172
Package hyperref Info: Option `pdfpagelabels' set `false' on input line 4421.
Package hyperref Info: Hyper figures OFF on input line 4547.
Package hyperref Info: Link nesting OFF on input line 4552.
Package hyperref Info: Hyper index ON on input line 4555.
Package hyperref Info: Plain pages OFF on input line 4562.
Package hyperref Info: Backreferencing OFF on input line 4567.
Package hyperref Info: Implicit mode ON; LaTeX internals redefined.
Package hyperref Info: Bookmarks ON on input line 4800.
\c@Hy@tempcnt=\count173

(/usr/local/texlive/2020/texmf-dist/tex/latex/url/url.sty
\Urlmuskip=\muskip16
Package: url 2013/09/16  ver 3.4  Verb mode for urls, etc.
)
LaTeX Info: Redefining \url on input line 5159.
\XeTeXLinkMargin=\dimen143

(/usr/local/texlive/2020/texmf-dist/tex/generic/bitset/bitset.sty
Package: bitset 2019/12/09 v1.3 Handle bit-vector datatype (HO)

(/usr/local/texlive/2020/texmf-dist/tex/generic/bigintcalc/bigintcalc.sty
Package: bigintcalc 2019/12/15 v1.5 Expandable calculations on big integers (HO
)
))
\Fld@menulength=\count174
\Field@Width=\dimen144
\Fld@charsize=\dimen145
Package hyperref Info: Hyper figures OFF on input line 6430.
Package hyperref Info: Link nesting OFF on input line 6435.
Package hyperref Info: Hyper index ON on input line 6438.
Package hyperref Info: backreferencing OFF on input line 6445.
Package hyperref Info: Link coloring OFF on input line 6450.
Package hyperref Info: Link coloring with OCG OFF on input line 6455.
Package hyperref Info: PDF/A mode OFF on input line 6460.
LaTeX Info: Redefining \ref on input line 6500.
LaTeX Info: Redefining \pageref on input line 6504.

(/usr/local/texlive/2020/texmf-dist/tex/generic/atbegshi/atbegshi.sty
Package: atbegshi 2019/12/05 v1.19 At begin shipout hook (HO)
)
\c@Item=\count175
\c@Hfootnote=\count176
)
Package hyperref Info: Driver (autodetected): hpdftex.

(/usr/local/texlive/2020/texmf-dist/tex/latex/hyperref/hpdftex.def
File: hpdftex.def 2020/01/14 v7.00d Hyperref driver for pdfTeX
\Fld@listcount=\count177
\c@bookmark@seq@number=\count178

(/usr/local/texlive/2020/texmf-dist/tex/latex/rerunfilecheck/rerunfilecheck.sty
Package: rerunfilecheck 2019/12/05 v1.9 Rerun checks for auxiliary files (HO)
(/usr/local/texlive/2020/texmf-dist/tex/latex/atveryend/atveryend.sty
Package: atveryend 2019-12-11 v1.11 Hooks at the very end of document (HO)
Package atveryend Info: \enddocument detected (standard20110627).
)
(/usr/local/texlive/2020/texmf-dist/tex/generic/uniquecounter/uniquecounter.sty
Package: uniquecounter 2019/12/15 v1.4 Provide unlimited unique counter (HO)
)
Package uniquecounter Info: New unique counter `rerunfilecheck' on input line 2
86.
)
\Hy@SectionHShift=\skip47
)
Package hyperref Info: Option `colorlinks' set `true' on input line 124.
\math@groups=\toks17
LaTeX Font Info:    Overwriting symbol font `symbols' in version `bold'
(Font)                  OMS/cmsy/b/n --> OMS/cmsy/b/n on input line 277.
\symbmisymbols=\mathgroup4
\SFB@measure=\dimen146
\realparindent=\skip48
\c@part=\count179
\c@section=\count180
\c@subsection=\count181
\c@subsubsection=\count182
\c@paragraph=\count183
\c@subparagraph=\count184
\@indentskip=\skip49
\smallindent=\skip50
\@footindent=\skip51
\@leftskip=\skip52
 (/usr/local/texlive/2020/texmf-dist/tex/latex/natbib/natbib.sty
Package: natbib 2010/09/13 8.31b (PWD, AO)
\bibhang=\skip53
\bibsep=\skip54
LaTeX Info: Redefining \cite on input line 694.
\c@NAT@ctr=\count185
)
\c@table=\count186
\c@figure=\count187
)
(/usr/local/texlive/2020/texmf-dist/tex/latex/newtx/newtxtext.sty
Package: newtxtext 2020/03/02 v1.625

`newtxtext' v1.625, 2020/03/02 Text macros taking advantage of TeX-Gyre Termes 
fonts (msharpe)
(/usr/local/texlive/2020/texmf-dist/tex/latex/fontaxes/fontaxes.sty
Package: fontaxes 2014/03/23 v1.0d Font selection axes
LaTeX Info: Redefining \upshape on input line 29.
LaTeX Info: Redefining \itshape on input line 31.
LaTeX Info: Redefining \slshape on input line 33.
LaTeX Info: Redefining \swshape on input line 35.
LaTeX Info: Redefining \scshape on input line 37.
LaTeX Info: Redefining \sscshape on input line 39.
LaTeX Info: Redefining \ulcshape on input line 41.
LaTeX Info: Redefining \textsw on input line 47.
LaTeX Info: Redefining \textssc on input line 48.
LaTeX Info: Redefining \textulc on input line 49.
)
\ntx@fs=\dimen147

(/usr/local/texlive/2020/texmf-dist/tex/latex/xkeyval/xkeyval.sty
Package: xkeyval 2014/12/03 v2.7a package option processing (HA)

(/usr/local/texlive/2020/texmf-dist/tex/generic/xkeyval/xkeyval.tex
(/usr/local/texlive/2020/texmf-dist/tex/generic/xkeyval/xkvutils.tex
\XKV@toks=\toks18
\XKV@tempa@toks=\toks19
)
\XKV@depth=\count188
File: xkeyval.tex 2014/12/03 v2.7a key=value parser (HA)
))
(/usr/local/texlive/2020/texmf-dist/tex/latex/etoolbox/etoolbox.sty
Package: etoolbox 2019/09/21 v2.5h e-TeX tools for LaTeX (JAW)
\etb@tempcnta=\count189
)
(/usr/local/texlive/2020/texmf-dist/tex/latex/base/fontenc.sty
Package: fontenc 2020/02/11 v2.0o Standard LaTeX package
LaTeX Font Info:    Trying to load font information for T1+ntxtlf on input line
 112.

(/usr/local/texlive/2020/texmf-dist/tex/latex/newtx/t1ntxtlf.fd
File: t1ntxtlf.fd 2015/01/17 v1.0 font definition file for T1/ntx/tlf
)
LaTeX Font Info:    Font shape `T1/ntxtlf/m/n' will be
(Font)              scaled to size 9.0pt on input line 112.
)
(/usr/local/texlive/2020/texmf-dist/tex/latex/base/textcomp.sty
Package: textcomp 2020/02/02 v2.0n Standard LaTeX package
LaTeX Font Info:    Changing ? sub-encoding to TS1/0 on input line 75.
)
\ntxt@cntz=\count190
LaTeX Font Info:    Redeclaring math symbol \mathsterling on input line 263.
)
(/usr/local/texlive/2020/texmf-dist/tex/latex/newtx/newtxmath.sty
Package: newtxmath 2020/03/02 v1.625

`newtxmath' v1.625, 2020/03/02 Math macros based originally on txfonts (msharpe
) (/usr/local/texlive/2020/texmf-dist/tex/latex/amsmath/amsmath.sty
Package: amsmath 2020/01/20 v2.17e AMS math features
\@mathmargin=\skip55

For additional information on amsmath, use the `?' option.
(/usr/local/texlive/2020/texmf-dist/tex/latex/amsmath/amstext.sty
Package: amstext 2000/06/29 v2.01 AMS text

(/usr/local/texlive/2020/texmf-dist/tex/latex/amsmath/amsgen.sty
File: amsgen.sty 1999/11/30 v2.0 generic functions
\@emptytoks=\toks20
\ex@=\dimen148
))
(/usr/local/texlive/2020/texmf-dist/tex/latex/amsmath/amsbsy.sty
Package: amsbsy 1999/11/29 v1.2d Bold Symbols
\pmbraise@=\dimen149
)
(/usr/local/texlive/2020/texmf-dist/tex/latex/amsmath/amsopn.sty
Package: amsopn 2016/03/08 v2.02 operator names
)
\inf@bad=\count191
LaTeX Info: Redefining \frac on input line 227.
\uproot@=\count192
\leftroot@=\count193
LaTeX Info: Redefining \overline on input line 389.
\classnum@=\count194
\DOTSCASE@=\count195
LaTeX Info: Redefining \ldots on input line 486.
LaTeX Info: Redefining \dots on input line 489.
LaTeX Info: Redefining \cdots on input line 610.
\Mathstrutbox@=\box45
\strutbox@=\box46
\big@size=\dimen150
LaTeX Font Info:    Redeclaring font encoding OML on input line 733.
LaTeX Font Info:    Redeclaring font encoding OMS on input line 734.
\macc@depth=\count196
\c@MaxMatrixCols=\count197
\dotsspace@=\muskip17
\c@parentequation=\count198
\dspbrk@lvl=\count199
\tag@help=\toks21
\row@=\count266
\column@=\count267
\maxfields@=\count268
\andhelp@=\toks22
\eqnshift@=\dimen151
\alignsep@=\dimen152
\tagshift@=\dimen153
\tagwidth@=\dimen154
\totwidth@=\dimen155
\lineht@=\dimen156
\@envbody=\toks23
\multlinegap=\skip56
\multlinetaggap=\skip57
\mathdisplay@stack=\toks24
LaTeX Info: Redefining \[ on input line 2859.
LaTeX Info: Redefining \] on input line 2860.
)
(/usr/local/texlive/2020/texmf-dist/tex/generic/iftex/ifxetex.sty
Package: ifxetex 2019/10/25 v0.7 ifxetex legacy package. Use iftex instead.
)
(/usr/local/texlive/2020/texmf-dist/tex/generic/iftex/ifluatex.sty
Package: ifluatex 2019/10/25 v1.5 ifluatex legacy package. Use iftex instead.
)
(/usr/local/texlive/2020/texmf-dist/tex/latex/oberdiek/centernot.sty
Package: centernot 2016/05/16 v1.4 Centers the not symbol horizontally (HO)
)
\tx@cntz=\count269

(/usr/local/texlive/2020/texmf-dist/tex/generic/kastrup/binhex.tex)
\tx@Isdigit=\count270
\tx@IsAlNum=\count271
\tx@tA=\toks25
\tx@tB=\toks26
\tx@su=\read2
LaTeX Font Info:    Redeclaring symbol font `operators' on input line 317.
LaTeX Font Info:    Overwriting symbol font `operators' in version `normal'
(Font)                  OT1/cmr/m/n --> OT1/ntxtlf/m/n on input line 317.
LaTeX Font Info:    Overwriting symbol font `operators' in version `bold'
(Font)                  OT1/cmr/bx/n --> OT1/ntxtlf/m/n on input line 317.
LaTeX Font Info:    Overwriting symbol font `operators' in version `bold'
(Font)                  OT1/ntxtlf/m/n --> OT1/ntxtlf/b/n on input line 318.
LaTeX Font Info:    Redeclaring math alphabet \mathsf on input line 326.
LaTeX Font Info:    Overwriting math alphabet `\mathsf' in version `normal'
(Font)                  OT1/cmss/m/n --> T1/qhv/m/n on input line 326.
LaTeX Font Info:    Overwriting math alphabet `\mathsf' in version `bold'
(Font)                  OT1/cmss/bx/n --> T1/qhv/m/n on input line 326.
LaTeX Font Info:    Redeclaring math alphabet \mathit on input line 327.
LaTeX Font Info:    Overwriting math alphabet `\mathit' in version `normal'
(Font)                  OT1/cmr/m/it --> OT1/ntxtlf/m/it on input line 327.
LaTeX Font Info:    Overwriting math alphabet `\mathit' in version `bold'
(Font)                  OT1/cmr/bx/it --> OT1/ntxtlf/m/it on input line 327.
LaTeX Font Info:    Redeclaring math alphabet \mathtt on input line 328.
LaTeX Font Info:    Overwriting math alphabet `\mathtt' in version `normal'
(Font)                  OT1/cmtt/m/n --> T1/ntxtt/m/n on input line 328.
LaTeX Font Info:    Overwriting math alphabet `\mathtt' in version `bold'
(Font)                  OT1/cmtt/m/n --> T1/ntxtt/m/n on input line 328.
LaTeX Font Info:    Redeclaring math alphabet \mathbf on input line 330.
LaTeX Font Info:    Overwriting math alphabet `\mathbf' in version `normal'
(Font)                  OT1/cmr/bx/n --> OT1/ntxtlf/b/n on input line 330.
LaTeX Font Info:    Overwriting math alphabet `\mathbf' in version `bold'
(Font)                  OT1/cmr/bx/n --> OT1/ntxtlf/b/n on input line 330.
LaTeX Font Info:    Overwriting math alphabet `\mathit' in version `bold'
(Font)                  OT1/ntxtlf/m/it --> OT1/ntxtlf/b/it on input line 331.
LaTeX Font Info:    Overwriting math alphabet `\mathsf' in version `bold'
(Font)                  T1/qhv/m/n --> T1/qhv/b/n on input line 332.
LaTeX Font Info:    Overwriting math alphabet `\mathtt' in version `bold'
(Font)                  T1/ntxtt/m/n --> T1/ntxtt/b/n on input line 333.
LaTeX Font Info:    Redeclaring symbol font `letters' on input line 422.
LaTeX Font Info:    Overwriting symbol font `letters' in version `normal'
(Font)                  OML/cmm/m/it --> OML/ntxmi/m/it on input line 422.
LaTeX Font Info:    Overwriting symbol font `letters' in version `bold'
(Font)                  OML/cmm/b/it --> OML/ntxmi/m/it on input line 422.
LaTeX Font Info:    Overwriting symbol font `letters' in version `bold'
(Font)                  OML/ntxmi/m/it --> OML/ntxmi/b/it on input line 423.
\symlettersA=\mathgroup5
LaTeX Font Info:    Overwriting symbol font `lettersA' in version `bold'
(Font)                  U/ntxmia/m/it --> U/ntxmia/b/it on input line 476.
Now handling font encoding LMS ...
... no UTF-8 mapping file for font encoding LMS
LaTeX Font Info:    Redeclaring symbol font `symbols' on input line 497.
LaTeX Font Info:    Encoding `OMS' has changed to `LMS' for symbol font
(Font)              `symbols' in the math version `normal' on input line 497.
LaTeX Font Info:    Overwriting symbol font `symbols' in version `normal'
(Font)                  OMS/cmsy/m/n --> LMS/ntxsy/m/n on input line 497.
LaTeX Font Info:    Encoding `OMS' has changed to `LMS' for symbol font
(Font)              `symbols' in the math version `bold' on input line 497.
LaTeX Font Info:    Overwriting symbol font `symbols' in version `bold'
(Font)                  OMS/cmsy/b/n --> LMS/ntxsy/m/n on input line 497.
LaTeX Font Info:    Overwriting symbol font `symbols' in version `bold'
(Font)                  LMS/ntxsy/m/n --> LMS/ntxsy/b/n on input line 498.
\symAMSm=\mathgroup6
LaTeX Font Info:    Overwriting symbol font `AMSm' in version `bold'
(Font)                  U/ntxsym/m/n --> U/ntxsym/b/n on input line 521.
\symsymbolsC=\mathgroup7
LaTeX Font Info:    Overwriting symbol font `symbolsC' in version `bold'
(Font)                  U/ntxsyc/m/n --> U/ntxsyc/b/n on input line 542.
Now handling font encoding LMX ...
... no UTF-8 mapping file for font encoding LMX
LaTeX Font Info:    Redeclaring symbol font `largesymbols' on input line 555.
LaTeX Font Info:    Encoding `OMX' has changed to `LMX' for symbol font
(Font)              `largesymbols' in the math version `normal' on input line 5
55.
LaTeX Font Info:    Overwriting symbol font `largesymbols' in version `normal'
(Font)                  OMX/cmex/m/n --> LMX/ntxexx/m/n on input line 555.
LaTeX Font Info:    Encoding `OMX' has changed to `LMX' for symbol font
(Font)              `largesymbols' in the math version `bold' on input line 555
.
LaTeX Font Info:    Overwriting symbol font `largesymbols' in version `bold'
(Font)                  OMX/cmex/m/n --> LMX/ntxexx/m/n on input line 555.
LaTeX Font Info:    Overwriting symbol font `largesymbols' in version `bold'
(Font)                  LMX/ntxexx/m/n --> LMX/ntxexx/b/n on input line 556.
\symlargesymbolsTXA=\mathgroup8
LaTeX Font Info:    Overwriting symbol font `largesymbolsTXA' in version `bold'

(Font)                  U/ntxexa/m/n --> U/ntxexa/b/n on input line 570.
\tx@sbptoks=\toks27
LaTeX Font Info:    Redeclaring math delimiter \lfloor on input line 792.
LaTeX Font Info:    Redeclaring math delimiter \rfloor on input line 793.
LaTeX Font Info:    Redeclaring math delimiter \lceil on input line 794.
LaTeX Font Info:    Redeclaring math delimiter \rceil on input line 795.
LaTeX Font Info:    Redeclaring math delimiter \lbrace on input line 796.
LaTeX Font Info:    Redeclaring math delimiter \rbrace on input line 797.
LaTeX Font Info:    Redeclaring math delimiter \langle on input line 798.
LaTeX Font Info:    Redeclaring math delimiter \rangle on input line 800.
LaTeX Font Info:    Redeclaring math delimiter \arrowvert on input line 804.
LaTeX Font Info:    Redeclaring math delimiter \vert on input line 805.
LaTeX Font Info:    Redeclaring math symbol \hbar on input line 851.
LaTeX Font Info:    Redeclaring math accent \dot on input line 876.
LaTeX Font Info:    Redeclaring math accent \ddot on input line 877.
LaTeX Font Info:    Redeclaring math accent \vec on input line 1940.
\ntx@numstart=\count272
\ntx@UCstart=\count273
\ntx@lcstart=\count274
\ntx@tmpc=\count275
\ntx@imath=\count276
\ntx@jmath=\count277
LaTeX Info: Redefining \Bbbk on input line 2449.
LaTeX Info: Redefining \not on input line 2598.
)
(/usr/local/texlive/2020/texmf-dist/tex/latex/threeparttable/threeparttable.sty
Package: threeparttable 2003/06/13  v 3.0
\@tempboxb=\box47
) (/usr/local/texlive/2020/texmf-dist/tex/latex/base/fontenc.sty
Package: fontenc 2020/02/11 v2.0o Standard LaTeX package
)
(/usr/local/texlive/2020/texmf-dist/tex/latex/setspace/setspace.sty
Package: setspace 2011/12/19 v6.7a set line spacing
)
(/usr/local/texlive/2020/texmf-dist/tex/latex/graphics/graphicx.sty
Package: graphicx 2019/11/30 v1.2a Enhanced LaTeX Graphics (DPC,SPQR)

(/usr/local/texlive/2020/texmf-dist/tex/latex/graphics/graphics.sty
Package: graphics 2019/11/30 v1.4a Standard LaTeX Graphics (DPC,SPQR)

(/usr/local/texlive/2020/texmf-dist/tex/latex/graphics/trig.sty
Package: trig 2016/01/03 v1.10 sin cos tan (DPC)
)
(/usr/local/texlive/2020/texmf-dist/tex/latex/graphics-cfg/graphics.cfg
File: graphics.cfg 2016/06/04 v1.11 sample graphics configuration
)
Package graphics Info: Driver file: pdftex.def on input line 105.

(/usr/local/texlive/2020/texmf-dist/tex/latex/graphics-def/pdftex.def
File: pdftex.def 2018/01/08 v1.0l Graphics/color driver for pdftex
))
\Gin@req@height=\dimen157
\Gin@req@width=\dimen158
)
(/usr/local/texlive/2020/texmf-dist/tex/latex/amsfonts/amssymb.sty
Package: amssymb 2013/01/14 v3.01 AMS font symbols

(/usr/local/texlive/2020/texmf-dist/tex/latex/amsfonts/amsfonts.sty
Package: amsfonts 2013/01/14 v3.01 Basic AMSFonts support
\symAMSa=\mathgroup9
\symAMSb=\mathgroup10
LaTeX Font Info:    Redeclaring math delimiter \ulcorner on input line 74.
LaTeX Font Info:    Redeclaring math delimiter \urcorner on input line 75.
LaTeX Font Info:    Redeclaring math delimiter \llcorner on input line 76.
LaTeX Font Info:    Redeclaring math delimiter \lrcorner on input line 77.
LaTeX Font Info:    Redeclaring math symbol \square on input line 141.
LaTeX Font Info:    Redeclaring math symbol \lozenge on input line 142.
)
LaTeX Font Info:    Redeclaring math symbol \boxdot on input line 44.
LaTeX Font Info:    Redeclaring math symbol \boxplus on input line 45.
LaTeX Font Info:    Redeclaring math symbol \boxtimes on input line 46.
LaTeX Font Info:    Redeclaring math symbol \blacksquare on input line 48.
LaTeX Font Info:    Redeclaring math symbol \centerdot on input line 49.
LaTeX Font Info:    Redeclaring math symbol \blacklozenge on input line 51.
LaTeX Font Info:    Redeclaring math symbol \circlearrowright on input line 52.

LaTeX Font Info:    Redeclaring math symbol \circlearrowleft on input line 53.
LaTeX Font Info:    Redeclaring math symbol \leftrightharpoons on input line 56
.
LaTeX Font Info:    Redeclaring math symbol \boxminus on input line 57.
LaTeX Font Info:    Redeclaring math symbol \Vdash on input line 58.
LaTeX Font Info:    Redeclaring math symbol \Vvdash on input line 59.
LaTeX Font Info:    Redeclaring math symbol \vDash on input line 60.
LaTeX Font Info:    Redeclaring math symbol \twoheadrightarrow on input line 61
.
LaTeX Font Info:    Redeclaring math symbol \twoheadleftarrow on input line 62.

LaTeX Font Info:    Redeclaring math symbol \leftleftarrows on input line 63.
LaTeX Font Info:    Redeclaring math symbol \rightrightarrows on input line 64.

LaTeX Font Info:    Redeclaring math symbol \upuparrows on input line 65.
LaTeX Font Info:    Redeclaring math symbol \downdownarrows on input line 66.
LaTeX Font Info:    Redeclaring math symbol \upharpoonright on input line 67.
LaTeX Font Info:    Redeclaring math symbol \downharpoonright on input line 69.

LaTeX Font Info:    Redeclaring math symbol \upharpoonleft on input line 70.
LaTeX Font Info:    Redeclaring math symbol \downharpoonleft on input line 71.
LaTeX Font Info:    Redeclaring math symbol \rightarrowtail on input line 72.
LaTeX Font Info:    Redeclaring math symbol \leftarrowtail on input line 73.
LaTeX Font Info:    Redeclaring math symbol \leftrightarrows on input line 74.
LaTeX Font Info:    Redeclaring math symbol \rightleftarrows on input line 75.
LaTeX Font Info:    Redeclaring math symbol \Lsh on input line 76.
LaTeX Font Info:    Redeclaring math symbol \Rsh on input line 77.
LaTeX Font Info:    Redeclaring math symbol \leftrightsquigarrow on input line 
79.
LaTeX Font Info:    Redeclaring math symbol \looparrowleft on input line 80.
LaTeX Font Info:    Redeclaring math symbol \looparrowright on input line 81.
LaTeX Font Info:    Redeclaring math symbol \circeq on input line 82.
LaTeX Font Info:    Redeclaring math symbol \succsim on input line 83.
LaTeX Font Info:    Redeclaring math symbol \gtrsim on input line 84.
LaTeX Font Info:    Redeclaring math symbol \gtrapprox on input line 85.
LaTeX Font Info:    Redeclaring math symbol \multimap on input line 86.
LaTeX Font Info:    Redeclaring math symbol \therefore on input line 87.
LaTeX Font Info:    Redeclaring math symbol \because on input line 88.
LaTeX Font Info:    Redeclaring math symbol \doteqdot on input line 89.
LaTeX Font Info:    Redeclaring math symbol \triangleq on input line 91.
LaTeX Font Info:    Redeclaring math symbol \precsim on input line 92.
LaTeX Font Info:    Redeclaring math symbol \lesssim on input line 93.
LaTeX Font Info:    Redeclaring math symbol \lessapprox on input line 94.
LaTeX Font Info:    Redeclaring math symbol \eqslantless on input line 95.
LaTeX Font Info:    Redeclaring math symbol \eqslantgtr on input line 96.
LaTeX Font Info:    Redeclaring math symbol \curlyeqprec on input line 97.
LaTeX Font Info:    Redeclaring math symbol \curlyeqsucc on input line 98.
LaTeX Font Info:    Redeclaring math symbol \preccurlyeq on input line 99.
LaTeX Font Info:    Redeclaring math symbol \leqq on input line 100.
LaTeX Font Info:    Redeclaring math symbol \leqslant on input line 101.
LaTeX Font Info:    Redeclaring math symbol \lessgtr on input line 102.
LaTeX Font Info:    Redeclaring math symbol \backprime on input line 103.
LaTeX Font Info:    Redeclaring math symbol \risingdotseq on input line 104.
LaTeX Font Info:    Redeclaring math symbol \fallingdotseq on input line 105.
LaTeX Font Info:    Redeclaring math symbol \succcurlyeq on input line 106.
LaTeX Font Info:    Redeclaring math symbol \geqq on input line 107.
LaTeX Font Info:    Redeclaring math symbol \geqslant on input line 108.
LaTeX Font Info:    Redeclaring math symbol \gtrless on input line 109.
LaTeX Font Info:    Redeclaring math symbol \bigstar on input line 117.
LaTeX Font Info:    Redeclaring math symbol \between on input line 118.
LaTeX Font Info:    Redeclaring math symbol \blacktriangledown on input line 11
9.
LaTeX Font Info:    Redeclaring math symbol \blacktriangleright on input line 1
20.
LaTeX Font Info:    Redeclaring math symbol \blacktriangleleft on input line 12
1.
LaTeX Font Info:    Redeclaring math symbol \vartriangle on input line 122.
LaTeX Font Info:    Redeclaring math symbol \blacktriangle on input line 123.
LaTeX Font Info:    Redeclaring math symbol \triangledown on input line 124.
LaTeX Font Info:    Redeclaring math symbol \eqcirc on input line 125.
LaTeX Font Info:    Redeclaring math symbol \lesseqgtr on input line 126.
LaTeX Font Info:    Redeclaring math symbol \gtreqless on input line 127.
LaTeX Font Info:    Redeclaring math symbol \lesseqqgtr on input line 128.
LaTeX Font Info:    Redeclaring math symbol \gtreqqless on input line 129.
LaTeX Font Info:    Redeclaring math symbol \Rrightarrow on input line 130.
LaTeX Font Info:    Redeclaring math symbol \Lleftarrow on input line 131.
LaTeX Font Info:    Redeclaring math symbol \veebar on input line 132.
LaTeX Font Info:    Redeclaring math symbol \barwedge on input line 133.
LaTeX Font Info:    Redeclaring math symbol \doublebarwedge on input line 134.
LaTeX Font Info:    Redeclaring math symbol \measuredangle on input line 137.
LaTeX Font Info:    Redeclaring math symbol \sphericalangle on input line 138.
LaTeX Font Info:    Redeclaring math symbol \varpropto on input line 139.
LaTeX Font Info:    Redeclaring math symbol \smallsmile on input line 140.
LaTeX Font Info:    Redeclaring math symbol \smallfrown on input line 141.
LaTeX Font Info:    Redeclaring math symbol \Subset on input line 142.
LaTeX Font Info:    Redeclaring math symbol \Supset on input line 143.
LaTeX Font Info:    Redeclaring math symbol \Cup on input line 144.
LaTeX Font Info:    Redeclaring math symbol \Cap on input line 146.
LaTeX Font Info:    Redeclaring math symbol \curlywedge on input line 148.
LaTeX Font Info:    Redeclaring math symbol \curlyvee on input line 149.
LaTeX Font Info:    Redeclaring math symbol \leftthreetimes on input line 150.
LaTeX Font Info:    Redeclaring math symbol \rightthreetimes on input line 151.

LaTeX Font Info:    Redeclaring math symbol \subseteqq on input line 152.
LaTeX Font Info:    Redeclaring math symbol \supseteqq on input line 153.
LaTeX Font Info:    Redeclaring math symbol \bumpeq on input line 154.
LaTeX Font Info:    Redeclaring math symbol \Bumpeq on input line 155.
LaTeX Font Info:    Redeclaring math symbol \lll on input line 156.
LaTeX Font Info:    Redeclaring math symbol \ggg on input line 158.
LaTeX Font Info:    Redeclaring math symbol \circledS on input line 160.
LaTeX Font Info:    Redeclaring math symbol \pitchfork on input line 161.
LaTeX Font Info:    Redeclaring math symbol \dotplus on input line 162.
LaTeX Font Info:    Redeclaring math symbol \backsim on input line 163.
LaTeX Font Info:    Redeclaring math symbol \backsimeq on input line 164.
LaTeX Font Info:    Redeclaring math symbol \complement on input line 165.
LaTeX Font Info:    Redeclaring math symbol \intercal on input line 166.
LaTeX Font Info:    Redeclaring math symbol \circledcirc on input line 167.
LaTeX Font Info:    Redeclaring math symbol \circledast on input line 168.
LaTeX Font Info:    Redeclaring math symbol \circleddash on input line 169.
LaTeX Font Info:    Redeclaring math symbol \lvertneqq on input line 171.
LaTeX Font Info:    Redeclaring math symbol \gvertneqq on input line 172.
LaTeX Font Info:    Redeclaring math symbol \nleq on input line 173.
LaTeX Font Info:    Redeclaring math symbol \ngeq on input line 174.
LaTeX Font Info:    Redeclaring math symbol \nless on input line 175.
LaTeX Font Info:    Redeclaring math symbol \ngtr on input line 176.
LaTeX Font Info:    Redeclaring math symbol \nprec on input line 177.
LaTeX Font Info:    Redeclaring math symbol \nsucc on input line 178.
LaTeX Font Info:    Redeclaring math symbol \lneqq on input line 179.
LaTeX Font Info:    Redeclaring math symbol \gneqq on input line 180.
LaTeX Font Info:    Redeclaring math symbol \nleqslant on input line 181.
LaTeX Font Info:    Redeclaring math symbol \ngeqslant on input line 182.
LaTeX Font Info:    Redeclaring math symbol \lneq on input line 183.
LaTeX Font Info:    Redeclaring math symbol \gneq on input line 184.
LaTeX Font Info:    Redeclaring math symbol \npreceq on input line 185.
LaTeX Font Info:    Redeclaring math symbol \nsucceq on input line 186.
LaTeX Font Info:    Redeclaring math symbol \precnsim on input line 187.
LaTeX Font Info:    Redeclaring math symbol \succnsim on input line 188.
LaTeX Font Info:    Redeclaring math symbol \lnsim on input line 189.
LaTeX Font Info:    Redeclaring math symbol \gnsim on input line 190.
LaTeX Font Info:    Redeclaring math symbol \nleqq on input line 191.
LaTeX Font Info:    Redeclaring math symbol \ngeqq on input line 192.
LaTeX Font Info:    Redeclaring math symbol \precneqq on input line 193.
LaTeX Font Info:    Redeclaring math symbol \succneqq on input line 194.
LaTeX Font Info:    Redeclaring math symbol \precnapprox on input line 195.
LaTeX Font Info:    Redeclaring math symbol \succnapprox on input line 196.
LaTeX Font Info:    Redeclaring math symbol \lnapprox on input line 197.
LaTeX Font Info:    Redeclaring math symbol \gnapprox on input line 198.
LaTeX Font Info:    Redeclaring math symbol \nsim on input line 199.
LaTeX Font Info:    Redeclaring math symbol \ncong on input line 200.
LaTeX Font Info:    Redeclaring math symbol \diagup on input line 201.
LaTeX Font Info:    Redeclaring math symbol \diagdown on input line 202.
LaTeX Font Info:    Redeclaring math symbol \varsubsetneq on input line 203.
LaTeX Font Info:    Redeclaring math symbol \varsupsetneq on input line 204.
LaTeX Font Info:    Redeclaring math symbol \nsubseteqq on input line 205.
LaTeX Font Info:    Redeclaring math symbol \nsupseteqq on input line 206.
LaTeX Font Info:    Redeclaring math symbol \subsetneqq on input line 207.
LaTeX Font Info:    Redeclaring math symbol \supsetneqq on input line 208.
LaTeX Font Info:    Redeclaring math symbol \varsubsetneqq on input line 209.
LaTeX Font Info:    Redeclaring math symbol \varsupsetneqq on input line 210.
LaTeX Font Info:    Redeclaring math symbol \subsetneq on input line 211.
LaTeX Font Info:    Redeclaring math symbol \supsetneq on input line 212.
LaTeX Font Info:    Redeclaring math symbol \nsubseteq on input line 213.
LaTeX Font Info:    Redeclaring math symbol \nsupseteq on input line 214.
LaTeX Font Info:    Redeclaring math symbol \nparallel on input line 215.
LaTeX Font Info:    Redeclaring math symbol \nmid on input line 216.
LaTeX Font Info:    Redeclaring math symbol \nshortmid on input line 217.
LaTeX Font Info:    Redeclaring math symbol \nshortparallel on input line 218.
LaTeX Font Info:    Redeclaring math symbol \nvdash on input line 219.
LaTeX Font Info:    Redeclaring math symbol \nVdash on input line 220.
LaTeX Font Info:    Redeclaring math symbol \nvDash on input line 221.
LaTeX Font Info:    Redeclaring math symbol \nVDash on input line 222.
LaTeX Font Info:    Redeclaring math symbol \ntrianglerighteq on input line 223
.
LaTeX Font Info:    Redeclaring math symbol \ntrianglelefteq on input line 224.

LaTeX Font Info:    Redeclaring math symbol \ntriangleleft on input line 225.
LaTeX Font Info:    Redeclaring math symbol \ntriangleright on input line 226.
LaTeX Font Info:    Redeclaring math symbol \nleftarrow on input line 227.
LaTeX Font Info:    Redeclaring math symbol \nrightarrow on input line 228.
LaTeX Font Info:    Redeclaring math symbol \nLeftarrow on input line 229.
LaTeX Font Info:    Redeclaring math symbol \nRightarrow on input line 230.
LaTeX Font Info:    Redeclaring math symbol \nLeftrightarrow on input line 231.

LaTeX Font Info:    Redeclaring math symbol \nleftrightarrow on input line 232.

LaTeX Font Info:    Redeclaring math symbol \divideontimes on input line 233.
LaTeX Font Info:    Redeclaring math symbol \varnothing on input line 234.
LaTeX Font Info:    Redeclaring math symbol \nexists on input line 235.
LaTeX Font Info:    Redeclaring math symbol \Finv on input line 236.
LaTeX Font Info:    Redeclaring math symbol \Game on input line 237.
LaTeX Font Info:    Redeclaring math symbol \eth on input line 240.
LaTeX Font Info:    Redeclaring math symbol \eqsim on input line 241.
LaTeX Font Info:    Redeclaring math symbol \beth on input line 242.
LaTeX Font Info:    Redeclaring math symbol \gimel on input line 243.
LaTeX Font Info:    Redeclaring math symbol \daleth on input line 244.
LaTeX Font Info:    Redeclaring math symbol \lessdot on input line 245.
LaTeX Font Info:    Redeclaring math symbol \gtrdot on input line 246.
LaTeX Font Info:    Redeclaring math symbol \ltimes on input line 247.
LaTeX Font Info:    Redeclaring math symbol \rtimes on input line 248.
LaTeX Font Info:    Redeclaring math symbol \shortmid on input line 249.
LaTeX Font Info:    Redeclaring math symbol \shortparallel on input line 250.
LaTeX Font Info:    Redeclaring math symbol \smallsetminus on input line 251.
LaTeX Font Info:    Redeclaring math symbol \thicksim on input line 252.
LaTeX Font Info:    Redeclaring math symbol \thickapprox on input line 253.
LaTeX Font Info:    Redeclaring math symbol \approxeq on input line 254.
LaTeX Font Info:    Redeclaring math symbol \succapprox on input line 255.
LaTeX Font Info:    Redeclaring math symbol \precapprox on input line 256.
LaTeX Font Info:    Redeclaring math symbol \curvearrowleft on input line 257.
LaTeX Font Info:    Redeclaring math symbol \curvearrowright on input line 258.

LaTeX Font Info:    Redeclaring math symbol \digamma on input line 259.
LaTeX Font Info:    Redeclaring math symbol \varkappa on input line 260.
LaTeX Font Info:    Redeclaring math symbol \hslash on input line 262.
LaTeX Font Info:    Redeclaring math symbol \backepsilon on input line 265.
)
(/usr/local/texlive/2020/texmf-dist/tex/latex/caption/caption.sty
Package: caption 2020/01/03 v3.4h Customizing captions (AR)

(/usr/local/texlive/2020/texmf-dist/tex/latex/caption/caption3.sty
Package: caption3 2020/01/03 v1.8h caption3 kernel (AR)
Package caption3 Info: TeX engine: e-TeX on input line 61.
\captionmargin=\dimen159
\captionmargin@=\dimen160
\captionwidth=\dimen161
\caption@tempdima=\dimen162
\caption@indent=\dimen163
\caption@parindent=\dimen164
\caption@hangindent=\dimen165
\abovecaptionskip=\skip58
\belowcaptionskip=\skip59
Package caption Info: Unknown document class (or package),
(caption)             standard defaults will be used.
Package caption Info: \@makecaption = undefined on input line 1082.
)

Package caption Warning: Unknown document class (or package),
(caption)                standard defaults will be used.
See the caption package documentation for explanation.

\c@caption@flags=\count278
\c@continuedfloat=\count279
Package caption Info: hyperref package is loaded.
Package caption Info: threeparttable package is loaded.
) (/usr/local/texlive/2020/texmf-dist/tex/latex/float/float.sty
Package: float 2001/11/08 v1.3d Float enhancements (AL)
\c@float@type=\count280
\float@exts=\toks28
\float@box=\box48
\@float@everytoks=\toks29
\@floatcapt=\box49
)
(/usr/local/texlive/2020/texmf-dist/tex/latex/l3backend/l3backend-pdfmode.def
File: l3backend-pdfmode.def 2020-03-12 L3 backend support: PDF mode
\l__kernel_color_stack_int=\count281
\l__pdf_internal_box=\box50
)
(./sample63.aux)
\openout1 = `sample63.aux'.

LaTeX Font Info:    Checking defaults for OML/ntxmi/m/it on input line 83.
LaTeX Font Info:    Trying to load font information for OML+ntxmi on input line
 83.

(/usr/local/texlive/2020/texmf-dist/tex/latex/newtx/omlntxmi.fd
File: omlntxmi.fd 2015/08/25 Fontinst v1.933 font definitions for OML/ntxmi.
)
LaTeX Font Info:    ... okay on input line 83.
LaTeX Font Info:    Checking defaults for OMS/cmsy/m/n on input line 83.
LaTeX Font Info:    ... okay on input line 83.
LaTeX Font Info:    Checking defaults for OT1/cmr/m/n on input line 83.
LaTeX Font Info:    ... okay on input line 83.
LaTeX Font Info:    Checking defaults for T1/cmr/m/n on input line 83.
LaTeX Font Info:    ... okay on input line 83.
LaTeX Font Info:    Checking defaults for TS1/cmr/m/n on input line 83.
LaTeX Font Info:    ... okay on input line 83.
LaTeX Font Info:    Checking defaults for OMX/cmex/m/n on input line 83.
LaTeX Font Info:    ... okay on input line 83.
LaTeX Font Info:    Checking defaults for U/ntxexa/m/n on input line 83.
LaTeX Font Info:    Trying to load font information for U+ntxexa on input line 
83.

(/usr/local/texlive/2020/texmf-dist/tex/latex/newtx/untxexa.fd
File: untxexa.fd 2012/04/16 Fontinst v1.933 font definitions for U/ntxexa.
)
LaTeX Font Info:    ... okay on input line 83.
LaTeX Font Info:    Checking defaults for PD1/pdf/m/n on input line 83.
LaTeX Font Info:    ... okay on input line 83.
LaTeX Font Info:    Checking defaults for LMS/ntxsy/m/n on input line 83.
LaTeX Font Info:    Trying to load font information for LMS+ntxsy on input line
 83.

(/usr/local/texlive/2020/texmf-dist/tex/latex/newtx/lmsntxsy.fd
File: lmsntxsy.fd 2016/07/02 Fontinst v1.933 font definitions for LMS/ntxsy.
)
LaTeX Font Info:    ... okay on input line 83.
LaTeX Font Info:    Checking defaults for LMX/ntxexx/m/n on input line 83.
LaTeX Font Info:    Trying to load font information for LMX+ntxexx on input lin
e 83.

(/usr/local/texlive/2020/texmf-dist/tex/latex/newtx/lmxntxexx.fd
File: lmxntxexx.fd 2016/07/03 Fontinst v1.933 font definitions for LMX/ntxexx.
)
LaTeX Font Info:    ... okay on input line 83.

*geometry* driver: auto-detecting
*geometry* detected driver: pdftex
*geometry* verbose mode - [ preamble ] result:
* driver: pdftex
* paper: a4paper
* layout: <same size as paper>
* layoutoffset:(h,v)=(0.0pt,0.0pt)
* modes: twoside 
* h-part:(L,W,R)=(71.70166pt, 418.25368pt, 107.55254pt)
* v-part:(T,H,B)=(101.40665pt, 591.5302pt, 152.11pt)
* \paperwidth=597.50787pt
* \paperheight=845.04684pt
* \textwidth=504.0pt
* \textheight=682.0pt
* \oddsidemargin=-30.0pt
* \evensidemargin=-30.0pt
* \topmargin=0.0pt
* \headheight=14.0pt
* \headsep=15.0pt
* \topskip=9.0pt
* \footskip=22.0pt
* \marginparwidth=48.0pt
* \marginparsep=6.0pt
* \columnsep=24.0pt
* \skip\footins=19.5pt plus 12.0pt minus 1.0pt
* \hoffset=0.0pt
* \voffset=0.0pt
* \mag=1000
* \@twocolumntrue
* \@twosidetrue
* \@mparswitchtrue
* \@reversemarginfalse
* (1in=72.27pt=25.4mm, 1cm=28.453pt)

\AtBeginShipoutBox=\box51
(/usr/local/texlive/2020/texmf-dist/tex/latex/graphics/color.sty
Package: color 2019/11/23 v1.2a Standard LaTeX Color (DPC)

(/usr/local/texlive/2020/texmf-dist/tex/latex/graphics-cfg/color.cfg
File: color.cfg 2016/01/02 v1.6 sample color configuration
)
Package color Info: Driver file: pdftex.def on input line 147.
)
Package hyperref Info: Link coloring ON on input line 83.

(/usr/local/texlive/2020/texmf-dist/tex/latex/hyperref/nameref.sty
Package: nameref 2019/09/16 v2.46 Cross-referencing by name of section

(/usr/local/texlive/2020/texmf-dist/tex/latex/refcount/refcount.sty
Package: refcount 2019/12/15 v3.6 Data extraction from label references (HO)
)
(/usr/local/texlive/2020/texmf-dist/tex/generic/gettitlestring/gettitlestring.s
ty
Package: gettitlestring 2019/12/15 v1.6 Cleanup title references (HO)
)
\c@section@level=\count282
)
LaTeX Info: Redefining \ref on input line 83.
LaTeX Info: Redefining \pageref on input line 83.
LaTeX Info: Redefining \nameref on input line 83.
 (./sample63.out) (./sample63.out)
\@outlinefile=\write3
\openout3 = `sample63.out'.

\c@mv@tabular=\count283
\c@mv@boldtabular=\count284

(/usr/local/texlive/2020/texmf-dist/tex/context/base/mkii/supp-pdf.mkii
[Loading MPS to PDF converter (version 2006.09.02).]
\scratchcounter=\count285
\scratchdimen=\dimen166
\scratchbox=\box52
\nofMPsegments=\count286
\nofMParguments=\count287
\everyMPshowfont=\toks30
\MPscratchCnt=\count288
\MPscratchDim=\dimen167
\MPnumerator=\count289
\makeMPintoPDFobject=\count290
\everyMPtoPDFconversion=\toks31
) (/usr/local/texlive/2020/texmf-dist/tex/latex/epstopdf-pkg/epstopdf-base.sty
Package: epstopdf-base 2020-01-24 v2.11 Base part for package epstopdf
Package epstopdf-base Info: Redefining graphics rule for `.eps' on input line 4
85.

(/usr/local/texlive/2020/texmf-dist/tex/latex/latexconfig/epstopdf-sys.cfg
File: epstopdf-sys.cfg 2010/07/13 v1.3 Configuration of (r)epstopdf for TeX Liv
e
))
Package caption Info: Begin \AtBeginDocument code.
Package caption Info: float package is loaded.
Package caption Info: End \AtBeginDocument code.
LaTeX Font Info:    Font shape `T1/ntxtlf/m/n' will be
(Font)              scaled to size 17.28pt on input line 84.
LaTeX Font Info:    Font shape `T1/ntxtlf/b/n' will be
(Font)              scaled to size 17.28pt on input line 84.
LaTeX Font Info:    Font shape `T1/ntxtlf/m/n' will be
(Font)              scaled to size 14.4pt on input line 84.
LaTeX Font Info:    Trying to load font information for OT1+ntxtlf on input lin
e 84.

(/usr/local/texlive/2020/texmf-dist/tex/latex/newtx/ot1ntxtlf.fd
File: ot1ntxtlf.fd 2015/01/17 v1.0 font definition file for OT1/ntx/tlf
)
LaTeX Font Info:    Font shape `OT1/ntxtlf/m/n' will be
(Font)              scaled to size 14.4pt on input line 84.
LaTeX Font Info:    Font shape `OT1/ntxtlf/m/n' will be
(Font)              scaled to size 10.5pt on input line 84.
LaTeX Font Info:    Font shape `OT1/ntxtlf/m/n' will be
(Font)              scaled to size 7.9pt on input line 84.


LaTeX Font Warning: Font shape `OML/cmm/b/it' in size <10.5> not available
(Font)              size <10.95> substituted on input line 84.

LaTeX Font Info:    Trying to load font information for U+ntxmia on input line 
84.
(/usr/local/texlive/2020/texmf-dist/tex/latex/newtx/untxmia.fd
File: untxmia.fd 2018/04/14 Fontinst v1.933 font definitions for U/ntxmia.
)
LaTeX Font Info:    Trying to load font information for U+ntxsym on input line 
84.

(/usr/local/texlive/2020/texmf-dist/tex/latex/newtx/untxsym.fd
File: untxsym.fd 2015/03/20 Fontinst v1.933 font definitions for U/ntxsym.
)
LaTeX Font Info:    Trying to load font information for U+ntxsyc on input line 
84.

(/usr/local/texlive/2020/texmf-dist/tex/latex/newtx/untxsyc.fd
File: untxsyc.fd 2012/04/12 Fontinst v1.933 font definitions for U/ntxsyc.
)
LaTeX Font Info:    Trying to load font information for U+msa on input line 84.


(/usr/local/texlive/2020/texmf-dist/tex/latex/amsfonts/umsa.fd
File: umsa.fd 2013/01/14 v3.01 AMS symbols A
)
LaTeX Font Info:    Trying to load font information for U+msb on input line 84.


(/usr/local/texlive/2020/texmf-dist/tex/latex/amsfonts/umsb.fd
File: umsb.fd 2013/01/14 v3.01 AMS symbols B
)
LaTeX Font Info:    Trying to load font information for T1+ntxsups on input lin
e 84.

(/usr/local/texlive/2020/texmf-dist/tex/latex/newtx/t1ntxsups.fd
File: t1ntxsups.fd 2015/01/17 v1.0
)
LaTeX Font Info:    Font shape `T1/ntxsups/m/n' will be
(Font)              scaled to size 14.4pt on input line 84.
LaTeX Font Info:    Font shape `T1/ntxtlf/m/n' will be
(Font)              scaled to size 8.0pt on input line 84.
LaTeX Font Info:    Font shape `T1/ntxtlf/m/it' will be
(Font)              scaled to size 8.0pt on input line 84.
LaTeX Font Info:    Font shape `OT1/ntxtlf/m/n' will be
(Font)              scaled to size 8.0pt on input line 84.
LaTeX Font Info:    Font shape `OT1/ntxtlf/m/n' will be
(Font)              scaled to size 6.2pt on input line 84.
LaTeX Font Info:    Font shape `OT1/ntxtlf/m/n' will be
(Font)              scaled to size 5.5pt on input line 84.


LaTeX Font Warning: Font shape `OML/cmm/b/it' in size <5.5> not available
(Font)              size <5> substituted on input line 84.

LaTeX Font Info:    Font shape `T1/ntxtlf/b/n' will be
(Font)              scaled to size 9.0pt on input line 87.
LaTeX Font Info:    Font shape `T1/ntxtlf/m/n' will be
(Font)              scaled to size 10.0pt on input line 87.
LaTeX Font Info:    Font shape `OT1/ntxtlf/m/n' will be
(Font)              scaled to size 10.0pt on input line 88.
LaTeX Font Info:    Font shape `OT1/ntxtlf/m/n' will be
(Font)              scaled to size 7.3pt on input line 88.
LaTeX Font Info:    Font shape `T1/ntxtlf/b/n' will be
(Font)              scaled to size 10.0pt on input line 97.
LaTeX Font Info:    Font shape `OT1/ntxtlf/m/n' will be
(Font)              scaled to size 9.0pt on input line 103.

Underfull \vbox (badness 10000) has occurred while \output is active []

LaTeX Font Info:    Font shape `T1/ntxtlf/b/n' will be
(Font)              scaled to size 8.0pt on input line 117.
LaTeX Font Info:    Font shape `T1/ntxtlf/m/n' will be
(Font)              scaled to size 6.2pt on input line 117.
LaTeX Font Info:    Trying to load font information for TS1+ntxtlf on input lin
e 117.

(/usr/local/texlive/2020/texmf-dist/tex/latex/newtx/ts1ntxtlf.fd
File: ts1ntxtlf.fd 2015/01/18 v1.0 fd file for TS1/ntxtlf
)
LaTeX Font Info:    Font shape `TS1/ntxtlf/m/n' will be
(Font)              scaled to size 8.0pt on input line 117.
 [1{/usr/local/texlive/2020/texmf-var/fonts/map/pdftex/updmap/pdftex.map}


]
LaTeX Font Info:    Font shape `T1/ntxtlf/m/it' will be
(Font)              scaled to size 9.0pt on input line 118.
Package epstopdf Info: Source file: <./figure/LW/ds9.eps>
(epstopdf)                    date: 2020-05-01 23:44:24
(epstopdf)                    size: 652029 bytes
(epstopdf)             Output file: <./figure/LW/ds9-eps-converted-to.pdf>
(epstopdf)                    date: 2020-05-01 23:44:52
(epstopdf)                    size: 68432 bytes
(epstopdf)             Command: <repstopdf --outfile=./figure/LW/ds9-eps-conver
ted-to.pdf ./figure/LW/ds9.eps>
(epstopdf)             \includegraphics on input line 195.
Package epstopdf Info: Output file is already uptodate.
<./figure/LW/ds9-eps-converted-to.pdf, id=143, 643.40375pt x 643.40375pt>
File: ./figure/LW/ds9-eps-converted-to.pdf Graphic file (type pdf)
<use ./figure/LW/ds9-eps-converted-to.pdf>
Package pdftex.def Info: ./figure/LW/ds9-eps-converted-to.pdf  used on input li
ne 195.
(pdftex.def)             Requested size: 514.7237pt x 514.7237pt.

Overfull \hbox (10.7237pt too wide) in paragraph at lines 195--196
 [][] 
 []

LaTeX Font Info:    Font shape `T1/ntxtlf/m/n' will be
(Font)              scaled to size 12.0pt on input line 209.
LaTeX Font Info:    Font shape `T1/ntxtlf/m/it' will be
(Font)              scaled to size 12.0pt on input line 209.
[2]

Package amsmath Warning: Foreign command \over;
(amsmath)                \frac or \genfrac should be used instead
(amsmath)                 on input line 221.


Underfull \vbox (badness 10000) has occurred while \output is active []



LaTeX Warning: Reference `A16' on page 3 undefined on input line 232.


LaTeX Warning: Reference `A20' on page 3 undefined on input line 234.


LaTeX Warning: Reference `A21' on page 3 undefined on input line 237.


LaTeX Warning: Reference `A17' on page 3 undefined on input line 243.

[3]
Underfull \vbox (badness 10000) has occurred while \output is active []

 [4 <./figure/LW/ds9-eps-converted-to.pdf>]
Package epstopdf Info: Source file: <./figure/sim_LW/detection_554.eps>
(epstopdf)                    date: 2020-06-15 22:54:46
(epstopdf)                    size: 30294 bytes
(epstopdf)             Output file: <./figure/sim_LW/detection_554-eps-converte
d-to.pdf>
(epstopdf)                    date: 2020-06-15 22:58:58
(epstopdf)                    size: 14907 bytes
(epstopdf)             Command: <repstopdf --outfile=./figure/sim_LW/detection_
554-eps-converted-to.pdf ./figure/sim_LW/detection_554.eps>
(epstopdf)             \includegraphics on input line 330.
Package epstopdf Info: Output file is already uptodate.
<./figure/sim_LW/detection_554-eps-converted-to.pdf, id=232, 396.6218pt x 299.0
1712pt>
File: ./figure/sim_LW/detection_554-eps-converted-to.pdf Graphic file (type pdf
)
<use ./figure/sim_LW/detection_554-eps-converted-to.pdf>
Package pdftex.def Info: ./figure/sim_LW/detection_554-eps-converted-to.pdf  us
ed on input line 330.
(pdftex.def)             Requested size: 226.79846pt x 170.98903pt.
Package epstopdf Info: Source file: <./figure/sim_LW/detection_5540.eps>
(epstopdf)                    date: 2020-06-15 22:56:12
(epstopdf)                    size: 30319 bytes
(epstopdf)             Output file: <./figure/sim_LW/detection_5540-eps-convert
ed-to.pdf>
(epstopdf)                    date: 2020-06-15 22:58:58
(epstopdf)                    size: 14886 bytes
(epstopdf)             Command: <repstopdf --outfile=./figure/sim_LW/detection_
5540-eps-converted-to.pdf ./figure/sim_LW/detection_5540.eps>
(epstopdf)             \includegraphics on input line 331.
Package epstopdf Info: Output file is already uptodate.
<./figure/sim_LW/detection_5540-eps-converted-to.pdf, id=233, 396.6218pt x 299.
01712pt>
File: ./figure/sim_LW/detection_5540-eps-converted-to.pdf Graphic file (type pd
f)
<use ./figure/sim_LW/detection_5540-eps-converted-to.pdf>
Package pdftex.def Info: ./figure/sim_LW/detection_5540-eps-converted-to.pdf  u
sed on input line 331.
(pdftex.def)             Requested size: 226.79846pt x 170.98903pt.
Package epstopdf Info: Source file: <./figure/sim_LW/detection_45540.eps>
(epstopdf)                    date: 2020-06-15 22:56:59
(epstopdf)                    size: 30368 bytes
(epstopdf)             Output file: <./figure/sim_LW/detection_45540-eps-conver
ted-to.pdf>
(epstopdf)                    date: 2020-06-15 22:58:59
(epstopdf)                    size: 14890 bytes
(epstopdf)             Command: <repstopdf --outfile=./figure/sim_LW/detection_
45540-eps-converted-to.pdf ./figure/sim_LW/detection_45540.eps>
(epstopdf)             \includegraphics on input line 332.
Package epstopdf Info: Output file is already uptodate.
<./figure/sim_LW/detection_45540-eps-converted-to.pdf, id=234, 396.6218pt x 299
.01712pt>
File: ./figure/sim_LW/detection_45540-eps-converted-to.pdf Graphic file (type p
df)
<use ./figure/sim_LW/detection_45540-eps-converted-to.pdf>
Package pdftex.def Info: ./figure/sim_LW/detection_45540-eps-converted-to.pdf  
used on input line 332.
(pdftex.def)             Requested size: 226.79846pt x 170.98903pt.
LaTeX Font Info:    Font shape `T1/ntxtlf/m/n' will be
(Font)              scaled to size 7.3pt on input line 341.
LaTeX Font Info:    Font shape `T1/ntxtlf/m/n' will be
(Font)              scaled to size 5.5pt on input line 341.

Underfull \vbox (badness 10000) has occurred while \output is active []

Package epstopdf Info: Source file: <./figure/sim_LW/eclipse_cut.eps>
(epstopdf)                    date: 2020-05-01 23:44:24
(epstopdf)                    size: 23056 bytes
(epstopdf)             Output file: <./figure/sim_LW/eclipse_cut-eps-converted-
to.pdf>
(epstopdf)                    date: 2020-05-01 23:44:52
(epstopdf)                    size: 15183 bytes
(epstopdf)             Command: <repstopdf --outfile=./figure/sim_LW/eclipse_cu
t-eps-converted-to.pdf ./figure/sim_LW/eclipse_cut.eps>
(epstopdf)             \includegraphics on input line 357.
Package epstopdf Info: Output file is already uptodate.
<./figure/sim_LW/eclipse_cut-eps-converted-to.pdf, id=236, 396.48125pt x 297.11
pt>
File: ./figure/sim_LW/eclipse_cut-eps-converted-to.pdf Graphic file (type pdf)
<use ./figure/sim_LW/eclipse_cut-eps-converted-to.pdf>
Package pdftex.def Info: ./figure/sim_LW/eclipse_cut-eps-converted-to.pdf  used
 on input line 357.
(pdftex.def)             Requested size: 241.8532pt x 181.23683pt.

Overfull \hbox (1.8532pt too wide) in paragraph at lines 357--358
 [][] 
 []

[5 <./figure/sim_LW/detection_554-eps-converted-to.pdf> <./figure/sim_LW/detect
ion_5540-eps-converted-to.pdf> <./figure/sim_LW/detection_45540-eps-converted-t
o.pdf>]

LaTeX Warning: Reference `harmonics' on page 6 undefined on input line 378.


LaTeX Warning: Reference `appen:fig' on page 6 undefined on input line 397.


LaTeX Warning: Reference `A20' on page 6 undefined on input line 479.

Package epstopdf Info: Source file: <./figure/LW/pfold_lc_324001.eps>
(epstopdf)                    date: 2020-05-14 15:34:48
(epstopdf)                    size: 34804 bytes
(epstopdf)             Output file: <./figure/LW/pfold_lc_324001-eps-converted-
to.pdf>
(epstopdf)                    date: 2020-05-14 15:37:26
(epstopdf)                    size: 26175 bytes
(epstopdf)             Command: <repstopdf --outfile=./figure/LW/pfold_lc_32400
1-eps-converted-to.pdf ./figure/LW/pfold_lc_324001.eps>
(epstopdf)             \includegraphics on input line 492.
Package epstopdf Info: Output file is already uptodate.
<./figure/LW/pfold_lc_324001-eps-converted-to.pdf, id=372, 462.72874pt x 346.29
375pt>
File: ./figure/LW/pfold_lc_324001-eps-converted-to.pdf Graphic file (type pdf)
<use ./figure/LW/pfold_lc_324001-eps-converted-to.pdf>
Package pdftex.def Info: ./figure/LW/pfold_lc_324001-eps-converted-to.pdf  used
 on input line 492.
(pdftex.def)             Requested size: 226.79846pt x 169.73297pt.
Package epstopdf Info: Source file: <./figure/LW/324001_lc.eps>
(epstopdf)                    date: 2020-06-15 23:28:54
(epstopdf)                    size: 35977 bytes
(epstopdf)             Output file: <./figure/LW/324001_lc-eps-converted-to.pdf
>
(epstopdf)                    date: 2020-06-15 23:37:49
(epstopdf)                    size: 13903 bytes
(epstopdf)             Command: <repstopdf --outfile=./figure/LW/324001_lc-eps-
converted-to.pdf ./figure/LW/324001_lc.eps>
(epstopdf)             \includegraphics on input line 493.
Package epstopdf Info: Output file is already uptodate.
<./figure/LW/324001_lc-eps-converted-to.pdf, id=373, 722.7pt x 542.025pt>
File: ./figure/LW/324001_lc-eps-converted-to.pdf Graphic file (type pdf)
<use ./figure/LW/324001_lc-eps-converted-to.pdf>
Package pdftex.def Info: ./figure/LW/324001_lc-eps-converted-to.pdf  used on in
put line 493.
(pdftex.def)             Requested size: 226.79846pt x 170.09366pt.
Package epstopdf Info: Source file: <./figure/LW/pfold_lc_324002.eps>
(epstopdf)                    date: 2020-05-14 15:34:48
(epstopdf)                    size: 35053 bytes
(epstopdf)             Output file: <./figure/LW/pfold_lc_324002-eps-converted-
to.pdf>
(epstopdf)                    date: 2020-05-14 15:37:27
(epstopdf)                    size: 26543 bytes
(epstopdf)             Command: <repstopdf --outfile=./figure/LW/pfold_lc_32400
2-eps-converted-to.pdf ./figure/LW/pfold_lc_324002.eps>
(epstopdf)             \includegraphics on input line 496.
Package epstopdf Info: Output file is already uptodate.
<./figure/LW/pfold_lc_324002-eps-converted-to.pdf, id=374, 462.72874pt x 346.29
375pt>
File: ./figure/LW/pfold_lc_324002-eps-converted-to.pdf Graphic file (type pdf)
<use ./figure/LW/pfold_lc_324002-eps-converted-to.pdf>
Package pdftex.def Info: ./figure/LW/pfold_lc_324002-eps-converted-to.pdf  used
 on input line 496.
(pdftex.def)             Requested size: 226.79846pt x 169.73297pt.
<./figure/LW/324001_spec.pdf, id=375, 794.97pt x 614.295pt>
File: ./figure/LW/324001_spec.pdf Graphic file (type pdf)
<use ./figure/LW/324001_spec.pdf>
Package pdftex.def Info: ./figure/LW/324001_spec.pdf  used on input line 497.
(pdftex.def)             Requested size: 226.79846pt x 175.25398pt.
Package epstopdf Info: Source file: <./figure/LW/pfold_lc_153001.eps>
(epstopdf)                    date: 2020-05-14 15:34:48
(epstopdf)                    size: 38084 bytes
(epstopdf)             Output file: <./figure/LW/pfold_lc_153001-eps-converted-
to.pdf>
(epstopdf)                    date: 2020-05-14 15:36:49
(epstopdf)                    size: 28190 bytes
(epstopdf)             Command: <repstopdf --outfile=./figure/LW/pfold_lc_15300
1-eps-converted-to.pdf ./figure/LW/pfold_lc_153001.eps>
(epstopdf)             \includegraphics on input line 508.
Package epstopdf Info: Output file is already uptodate.
<./figure/LW/pfold_lc_153001-eps-converted-to.pdf, id=378, 462.72874pt x 346.29
375pt>
File: ./figure/LW/pfold_lc_153001-eps-converted-to.pdf Graphic file (type pdf)
<use ./figure/LW/pfold_lc_153001-eps-converted-to.pdf>
Package pdftex.def Info: ./figure/LW/pfold_lc_153001-eps-converted-to.pdf  used
 on input line 508.
(pdftex.def)             Requested size: 226.79846pt x 169.73297pt.
Package epstopdf Info: Source file: <./figure/LW/153001_lc.eps>
(epstopdf)                    date: 2020-06-15 23:29:07
(epstopdf)                    size: 51071 bytes
(epstopdf)             Output file: <./figure/LW/153001_lc-eps-converted-to.pdf
>
(epstopdf)                    date: 2020-06-15 23:37:50
(epstopdf)                    size: 15497 bytes
(epstopdf)             Command: <repstopdf --outfile=./figure/LW/153001_lc-eps-
converted-to.pdf ./figure/LW/153001_lc.eps>
(epstopdf)             \includegraphics on input line 509.
Package epstopdf Info: Output file is already uptodate.
<./figure/LW/153001_lc-eps-converted-to.pdf, id=379, 722.7pt x 542.025pt>
File: ./figure/LW/153001_lc-eps-converted-to.pdf Graphic file (type pdf)
<use ./figure/LW/153001_lc-eps-converted-to.pdf>
Package pdftex.def Info: ./figure/LW/153001_lc-eps-converted-to.pdf  used on in
put line 509.
(pdftex.def)             Requested size: 226.79846pt x 170.09366pt.
Package epstopdf Info: Source file: <./figure/LW/pfold_lc_153002.eps>
(epstopdf)                    date: 2020-05-14 15:34:48
(epstopdf)                    size: 49259 bytes
(epstopdf)             Output file: <./figure/LW/pfold_lc_153002-eps-converted-
to.pdf>
(epstopdf)                    date: 2020-05-14 15:36:50
(epstopdf)                    size: 38685 bytes
(epstopdf)             Command: <repstopdf --outfile=./figure/LW/pfold_lc_15300
2-eps-converted-to.pdf ./figure/LW/pfold_lc_153002.eps>
(epstopdf)             \includegraphics on input line 512.
Package epstopdf Info: Output file is already uptodate.
<./figure/LW/pfold_lc_153002-eps-converted-to.pdf, id=380, 462.72874pt x 346.29
375pt>
File: ./figure/LW/pfold_lc_153002-eps-converted-to.pdf Graphic file (type pdf)
<use ./figure/LW/pfold_lc_153002-eps-converted-to.pdf>
Package pdftex.def Info: ./figure/LW/pfold_lc_153002-eps-converted-to.pdf  used
 on input line 512.
(pdftex.def)             Requested size: 226.79846pt x 169.73297pt.
<./figure/LW/153001_spec.pdf, id=381, 794.97pt x 614.295pt>
File: ./figure/LW/153001_spec.pdf Graphic file (type pdf)
<use ./figure/LW/153001_spec.pdf>
Package pdftex.def Info: ./figure/LW/153001_spec.pdf  used on input line 513.
(pdftex.def)             Requested size: 226.79846pt x 175.25398pt.
[6 <./figure/sim_LW/eclipse_cut-eps-converted-to.pdf>]
Underfull \vbox (badness 10000) has occurred while \output is active []


Underfull \vbox (badness 10000) has occurred while \output is active []

 [7]
Package epstopdf Info: Source file: <./figure/sim_LW/Pdet_com.eps>
(epstopdf)                    date: 2020-05-01 23:44:24
(epstopdf)                    size: 21135 bytes
(epstopdf)             Output file: <./figure/sim_LW/Pdet_com-eps-converted-to.
pdf>
(epstopdf)                    date: 2020-05-01 23:44:53
(epstopdf)                    size: 17592 bytes
(epstopdf)             Command: <repstopdf --outfile=./figure/sim_LW/Pdet_com-e
ps-converted-to.pdf ./figure/sim_LW/Pdet_com.eps>
(epstopdf)             \includegraphics on input line 691.
Package epstopdf Info: Output file is already uptodate.
<./figure/sim_LW/Pdet_com-eps-converted-to.pdf, id=471, 462.72874pt x 346.29375
pt>
File: ./figure/sim_LW/Pdet_com-eps-converted-to.pdf Graphic file (type pdf)
<use ./figure/sim_LW/Pdet_com-eps-converted-to.pdf>
Package pdftex.def Info: ./figure/sim_LW/Pdet_com-eps-converted-to.pdf  used on
 input line 691.
(pdftex.def)             Requested size: 254.50159pt x 190.46214pt.

Overfull \hbox (14.50159pt too wide) in paragraph at lines 691--692
[][] 
 []


Underfull \vbox (badness 10000) has occurred while \output is active []

 [8 <./figure/LW/pfold_lc_324001-eps-converted-to.pdf> <./figure/LW/324001_lc-e
ps-converted-to.pdf> <./figure/LW/pfold_lc_324002-eps-converted-to.pdf> <./figu
re/LW/324001_spec.pdf, page is rotated 90 degrees>]
Package epstopdf Info: Source file: <./figure/sim_LW/est_obs.eps>
(epstopdf)                    date: 2020-05-22 20:58:55
(epstopdf)                    size: 24526 bytes
(epstopdf)             Output file: <./figure/sim_LW/est_obs-eps-converted-to.p
df>
(epstopdf)                    date: 2020-05-22 20:59:07
(epstopdf)                    size: 15131 bytes
(epstopdf)             Command: <repstopdf --outfile=./figure/sim_LW/est_obs-ep
s-converted-to.pdf ./figure/sim_LW/est_obs.eps>
(epstopdf)             \includegraphics on input line 695.
Package epstopdf Info: Output file is already uptodate.
<./figure/sim_LW/est_obs-eps-converted-to.pdf, id=613, 462.72874pt x 346.29375p
t>
File: ./figure/sim_LW/est_obs-eps-converted-to.pdf Graphic file (type pdf)
<use ./figure/sim_LW/est_obs-eps-converted-to.pdf>
Package pdftex.def Info: ./figure/sim_LW/est_obs-eps-converted-to.pdf  used on 
input line 695.
(pdftex.def)             Requested size: 245.24506pt x 183.5348pt.

Overfull \hbox (5.24506pt too wide) in paragraph at lines 695--696
[][] 
 []

[9 <./figure/LW/pfold_lc_153001-eps-converted-to.pdf> <./figure/LW/153001_lc-ep
s-converted-to.pdf> <./figure/LW/pfold_lc_153002-eps-converted-to.pdf> <./figur
e/LW/153001_spec.pdf, page is rotated 90 degrees> <./figure/sim_LW/Pdet_com-eps
-converted-to.pdf> <./figure/sim_LW/est_obs-eps-converted-to.pdf>]
Underfull \vbox (badness 10000) has occurred while \output is active []

Package epstopdf Info: Source file: <./figure/CV/N_P.eps>
(epstopdf)                    date: 2020-06-15 00:56:29
(epstopdf)                    size: 34598 bytes
(epstopdf)             Output file: <./figure/CV/N_P-eps-converted-to.pdf>
(epstopdf)                    date: 2020-06-15 00:56:33
(epstopdf)                    size: 15539 bytes
(epstopdf)             Command: <repstopdf --outfile=./figure/CV/N_P-eps-conver
ted-to.pdf ./figure/CV/N_P.eps>
(epstopdf)             \includegraphics on input line 716.
Package epstopdf Info: Output file is already uptodate.
<./figure/CV/N_P-eps-converted-to.pdf, id=814, 722.7pt x 433.62pt>
File: ./figure/CV/N_P-eps-converted-to.pdf Graphic file (type pdf)
<use ./figure/CV/N_P-eps-converted-to.pdf>
Package pdftex.def Info: ./figure/CV/N_P-eps-converted-to.pdf  used on input li
ne 716.
(pdftex.def)             Requested size: 527.5666pt x 316.53996pt.

Overfull \hbox (23.5666pt too wide) in paragraph at lines 716--717
 [][] 
 []


Underfull \vbox (badness 10000) has occurred while \output is active []

 [10]
Package epstopdf Info: Source file: <./figure/p_inCV.eps>
(epstopdf)                    date: 2020-05-01 23:44:24
(epstopdf)                    size: 44880 bytes
(epstopdf)             Output file: <./figure/p_inCV-eps-converted-to.pdf>
(epstopdf)                    date: 2020-05-01 23:44:54
(epstopdf)                    size: 46184 bytes
(epstopdf)             Command: <repstopdf --outfile=./figure/p_inCV-eps-conver
ted-to.pdf ./figure/p_inCV.eps>
(epstopdf)             \includegraphics on input line 749.
Package epstopdf Info: Output file is already uptodate.
<./figure/p_inCV-eps-converted-to.pdf, id=844, 462.72874pt x 346.29375pt>
File: ./figure/p_inCV-eps-converted-to.pdf Graphic file (type pdf)
<use ./figure/p_inCV-eps-converted-to.pdf>
Package pdftex.def Info: ./figure/p_inCV-eps-converted-to.pdf  used on input li
ne 749.
(pdftex.def)             Requested size: 254.50159pt x 190.46214pt.

Overfull \hbox (14.50159pt too wide) in paragraph at lines 749--750
 [][] 
 []

[11]
Underfull \hbox (badness 10000) in paragraph at lines 771--774

 []


Underfull \hbox (badness 10000) in paragraph at lines 771--774

 []

(./sample63.bbl [12 <./figure/CV/N_P-eps-converted-to.pdf> <./figure/p_inCV-eps
-converted-to.pdf>])
Underfull \vbox (badness 10000) has occurred while \output is active []

 [13]

LaTeX Warning: Reference `5.27' on page 14 undefined on input line 851.


LaTeX Warning: Reference `12' on page 14 undefined on input line 855.


LaTeX Warning: Reference `13' on page 14 undefined on input line 855.


LaTeX Warning: Reference `5.27' on page 14 undefined on input line 855.


LaTeX Warning: Reference `15' on page 14 undefined on input line 855.


Package amsmath Warning: Foreign command \atopwithdelims;
(amsmath)                \frac or \genfrac should be used instead
(amsmath)                 on input line 860.

Package epstopdf Info: Source file: <./figure/LW/pfold_lc_20.eps>
(epstopdf)                    date: 2020-05-14 15:23:12
(epstopdf)                    size: 34538 bytes
(epstopdf)             Output file: <./figure/LW/pfold_lc_20-eps-converted-to.p
df>
(epstopdf)                    date: 2020-06-15 01:43:22
(epstopdf)                    size: 23245 bytes
(epstopdf)             Command: <repstopdf --outfile=./figure/LW/pfold_lc_20-ep
s-converted-to.pdf ./figure/LW/pfold_lc_20.eps>
(epstopdf)             \includegraphics on input line 892.
Package epstopdf Info: Output file is already uptodate.
<./figure/LW/pfold_lc_20-eps-converted-to.pdf, id=1040, 462.72874pt x 346.29375
pt>
File: ./figure/LW/pfold_lc_20-eps-converted-to.pdf Graphic file (type pdf)
<use ./figure/LW/pfold_lc_20-eps-converted-to.pdf>
Package pdftex.def Info: ./figure/LW/pfold_lc_20-eps-converted-to.pdf  used on 
input line 892.
(pdftex.def)             Requested size: 226.79846pt x 169.73297pt.
Package epstopdf Info: Source file: <./figure/LW/pfold_lc_20_second.eps>
(epstopdf)                    date: 2020-06-15 23:44:56
(epstopdf)                    size: 36024 bytes
(epstopdf)             Output file: <./figure/LW/pfold_lc_20_second-eps-convert
ed-to.pdf>
(epstopdf)                    date: 2020-06-15 23:45:34
(epstopdf)                    size: 23300 bytes
(epstopdf)             Command: <repstopdf --outfile=./figure/LW/pfold_lc_20_se
cond-eps-converted-to.pdf ./figure/LW/pfold_lc_20_second.eps>
(epstopdf)             \includegraphics on input line 893.
Package epstopdf Info: Output file is already uptodate.
<./figure/LW/pfold_lc_20_second-eps-converted-to.pdf, id=1041, 462.52798pt x 34
6.89601pt>
File: ./figure/LW/pfold_lc_20_second-eps-converted-to.pdf Graphic file (type pd
f)
<use ./figure/LW/pfold_lc_20_second-eps-converted-to.pdf>
Package pdftex.def Info: ./figure/LW/pfold_lc_20_second-eps-converted-to.pdf  u
sed on input line 893.
(pdftex.def)             Requested size: 226.79846pt x 170.10226pt.
Package epstopdf Info: Source file: <./figure/CV/pfold_lc_J1817_2508_spin_half.
eps>
(epstopdf)                    date: 2020-04-17 13:52:57
(epstopdf)                    size: 49452 bytes
(epstopdf)             Output file: <./figure/CV/pfold_lc_J1817_2508_spin_half-
eps-converted-to.pdf>
(epstopdf)                    date: 2020-04-17 13:52:57
(epstopdf)                    size: 38498 bytes
(epstopdf)             Command: <repstopdf --outfile=./figure/CV/pfold_lc_J1817
_2508_spin_half-eps-converted-to.pdf ./figure/CV/pfold_lc_J1817_2508_spin_half.
eps>
(epstopdf)             \includegraphics on input line 896.
Package epstopdf Info: Output file is already uptodate.
<./figure/CV/pfold_lc_J1817_2508_spin_half-eps-converted-to.pdf, id=1042, 462.7
2874pt x 346.29375pt>
File: ./figure/CV/pfold_lc_J1817_2508_spin_half-eps-converted-to.pdf Graphic fi
le (type pdf)
<use ./figure/CV/pfold_lc_J1817_2508_spin_half-eps-converted-to.pdf>
Package pdftex.def Info: ./figure/CV/pfold_lc_J1817_2508_spin_half-eps-converte
d-to.pdf  used on input line 896.
(pdftex.def)             Requested size: 226.79846pt x 169.73297pt.
Package epstopdf Info: Source file: <./figure/CV/pfold_lc_J1817_2508_spin.eps>
(epstopdf)                    date: 2020-04-17 13:52:57
(epstopdf)                    size: 49709 bytes
(epstopdf)             Output file: <./figure/CV/pfold_lc_J1817_2508_spin-eps-c
onverted-to.pdf>
(epstopdf)                    date: 2020-04-17 13:52:57
(epstopdf)                    size: 38508 bytes
(epstopdf)             Command: <repstopdf --outfile=./figure/CV/pfold_lc_J1817
_2508_spin-eps-converted-to.pdf ./figure/CV/pfold_lc_J1817_2508_spin.eps>
(epstopdf)             \includegraphics on input line 897.
Package epstopdf Info: Output file is already uptodate.
<./figure/CV/pfold_lc_J1817_2508_spin-eps-converted-to.pdf, id=1043, 462.72874p
t x 346.29375pt>
File: ./figure/CV/pfold_lc_J1817_2508_spin-eps-converted-to.pdf Graphic file (t
ype pdf)
<use ./figure/CV/pfold_lc_J1817_2508_spin-eps-converted-to.pdf>
Package pdftex.def Info: ./figure/CV/pfold_lc_J1817_2508_spin-eps-converted-to.
pdf  used on input line 897.
(pdftex.def)             Requested size: 226.79846pt x 169.73297pt.

Underfull \vbox (badness 10000) has occurred while \output is active []



LaTeX Warning: Reference `fig:6thfig' on page 14 undefined on input line 904.


LaTeX Warning: Reference `fig:6thfig' on page 14 undefined on input line 908.

<plot_figure_LW.pdf, id=1048, page=1, 614.295pt x 794.97pt>
File: plot_figure_LW.pdf Graphic file (type pdf)
<use plot_figure_LW.pdf, page 1>
Package pdftex.def Info: plot_figure_LW.pdf , page1 used on input line 918.
(pdftex.def)             Requested size: 552.86038pt x 607.06213pt.

Overfull \hbox (48.86038pt too wide) in paragraph at lines 918--920
 [][] 
 []

<plot_figure_LW.pdf, id=1054, page=2, 614.295pt x 794.97pt>
File: plot_figure_LW.pdf Graphic file (type pdf)
<use plot_figure_LW.pdf, page 2>
Package pdftex.def Info: plot_figure_LW.pdf , page2 used on input line 927.
(pdftex.def)             Requested size: 552.86038pt x 607.06213pt.

Overfull \hbox (48.86038pt too wide) in paragraph at lines 927--928
 [][] 
 []

<plot_figure_LW.pdf, id=1056, page=3, 614.295pt x 794.97pt>
File: plot_figure_LW.pdf Graphic file (type pdf)
<use plot_figure_LW.pdf, page 3>
Package pdftex.def Info: plot_figure_LW.pdf , page3 used on input line 935.
(pdftex.def)             Requested size: 552.86038pt x 607.06213pt.

Overfull \hbox (48.86038pt too wide) in paragraph at lines 935--936
 [][] 
 []

<plot_figure_LW.pdf, id=1058, page=4, 614.295pt x 794.97pt>
File: plot_figure_LW.pdf Graphic file (type pdf)
<use plot_figure_LW.pdf, page 4>
Package pdftex.def Info: plot_figure_LW.pdf , page4 used on input line 943.
(pdftex.def)             Requested size: 552.86038pt x 607.06213pt.

Overfull \hbox (48.86038pt too wide) in paragraph at lines 943--944
 [][] 
 []

<plot_figure_LW.pdf, id=1060, page=5, 614.295pt x 794.97pt>
File: plot_figure_LW.pdf Graphic file (type pdf)
<use plot_figure_LW.pdf, page 5>
Package pdftex.def Info: plot_figure_LW.pdf , page5 used on input line 951.
(pdftex.def)             Requested size: 552.86038pt x 607.06213pt.

Overfull \hbox (48.86038pt too wide) in paragraph at lines 951--952
 [][] 
 []

<plot_figure_LW.pdf, id=1062, page=6, 614.295pt x 794.97pt>
File: plot_figure_LW.pdf Graphic file (type pdf)
<use plot_figure_LW.pdf, page 6>
Package pdftex.def Info: plot_figure_LW.pdf , page6 used on input line 959.
(pdftex.def)             Requested size: 552.86038pt x 607.06213pt.

Overfull \hbox (48.86038pt too wide) in paragraph at lines 959--960
 [][] 
 []


!pdfTeX error: pdflatex (file ./plot_figure_LW.pdf): PDF inclusion: required pa
ge does not exist <6>
 ==> Fatal error occurred, no output PDF file produced!
